{"/Users/mn/Apps/hundeavl.dk/frontend/components/Header.js": {"path":"/Users/mn/Apps/hundeavl.dk/frontend/components/Header.js","statementMap":{"0":{"start":{"line":5,"column":15},"end":{"line":12,"column":1}},"1":{"start":{"line":6,"column":2},"end":{"line":11,"column":8}}},"fnMap":{"0":{"name":"(anonymous_0)","decl":{"start":{"line":5,"column":15},"end":{"line":5,"column":16}},"loc":{"start":{"line":6,"column":2},"end":{"line":11,"column":8}},"line":6}},"branchMap":{},"s":{"0":1,"1":1},"f":{"0":1},"b":{},"_coverageSchema":"1a1c01bbd47fc00a2c39e90264f33305004495a9","hash":"5b82facc12f750d7a92d81cafb57b6a674ff7602"}
,"/Users/mn/Apps/hundeavl.dk/frontend/components/HeaderNavigation.js": {"path":"/Users/mn/Apps/hundeavl.dk/frontend/components/HeaderNavigation.js","statementMap":{"0":{"start":{"line":5,"column":25},"end":{"line":27,"column":1}},"1":{"start":{"line":6,"column":18},"end":{"line":24,"column":3}},"2":{"start":{"line":7,"column":4},"end":{"line":21,"column":5}},"3":{"start":{"line":8,"column":6},"end":{"line":20,"column":8}},"4":{"start":{"line":12,"column":14},"end":{"line":16,"column":19}},"5":{"start":{"line":23,"column":4},"end":{"line":23,"column":17}},"6":{"start":{"line":26,"column":2},"end":{"line":26,"column":54}},"7":{"start":{"line":29,"column":0},"end":{"line":31,"column":2}},"8":{"start":{"line":33,"column":0},"end":{"line":40,"column":2}}},"fnMap":{"0":{"name":"(anonymous_0)","decl":{"start":{"line":5,"column":25},"end":{"line":5,"column":26}},"loc":{"start":{"line":5,"column":40},"end":{"line":27,"column":1}},"line":5},"1":{"name":"(anonymous_1)","decl":{"start":{"line":6,"column":18},"end":{"line":6,"column":19}},"loc":{"start":{"line":6,"column":24},"end":{"line":24,"column":3}},"line":6},"2":{"name":"(anonymous_2)","decl":{"start":{"line":11,"column":23},"end":{"line":11,"column":24}},"loc":{"start":{"line":12,"column":14},"end":{"line":16,"column":19}},"line":12}},"branchMap":{"0":{"loc":{"start":{"line":7,"column":4},"end":{"line":21,"column":5}},"type":"if","locations":[{"start":{"line":7,"column":4},"end":{"line":21,"column":5}},{"start":{"line":7,"column":4},"end":{"line":21,"column":5}}],"line":7},"1":{"loc":{"start":{"line":7,"column":8},"end":{"line":7,"column":33}},"type":"binary-expr","locations":[{"start":{"line":7,"column":8},"end":{"line":7,"column":13}},{"start":{"line":7,"column":17},"end":{"line":7,"column":33}}],"line":7}},"s":{"0":2,"1":4,"2":4,"3":1,"4":3,"5":3,"6":4,"7":2,"8":2},"f":{"0":4,"1":4,"2":3},"b":{"0":[1,3],"1":[4,4]},"_coverageSchema":"1a1c01bbd47fc00a2c39e90264f33305004495a9","hash":"6a7aea28e5c005a420ef46581b93fb99f0ce6494"}
}
